10/12/2023 17:15:53 - INFO - src.args -   Configurations:
{
  "batch_size": 16,
  "bert_model_name_or_path": "distilbert-base-uncased",
  "bio_label_types": ["O", "B-PER", "I-PER", "B-LOC", "I-LOC", "B-ORG", "I-ORG", "B-MISC", "I-MISC"],
  "data_dir": "./data",
  "device": "cpu",
  "entity_types": ["PER", "LOC", "ORG", "MISC"],
  "gtid": "903941829",
  "log_path": "log/record.log",
  "lr": 5e-05,
  "lr_scheduler_type": "linear",
  "n_ents": 4,
  "n_epochs": 20,
  "n_lbs": 9,
  "name": "Yunxiang_Yan",
  "no_cuda": false,
  "no_mps": false,
  "seed": 42,
  "warmup_ratio": 0.1,
  "weight_decay": 0.01
}
10/12/2023 17:15:53 - INFO - __main__ -   name: Yunxiang_Yan
10/12/2023 17:15:53 - INFO - __main__ -   GTID: 903941829
10/12/2023 17:15:53 - INFO - __main__ -   Loading datasets...
10/12/2023 17:15:53 - INFO - src.dataset.dataset -   Loading data file: data/train.json
10/12/2023 17:15:53 - INFO - src.dataset.dataset -   Encoding sequences...
10/12/2023 17:15:53 - INFO - src.dataset.dataset -   Data loaded.
10/12/2023 17:15:53 - INFO - __main__ -   Training dataset loaded, length=1000
10/12/2023 17:15:53 - INFO - src.dataset.dataset -   Loading data file: data/valid.json
10/12/2023 17:15:53 - INFO - src.dataset.dataset -   Encoding sequences...
10/12/2023 17:15:53 - INFO - src.dataset.dataset -   Data loaded.
10/12/2023 17:15:53 - INFO - __main__ -   Validation dataset loaded, length=200
10/12/2023 17:15:53 - INFO - src.dataset.dataset -   Loading data file: data/test.json
10/12/2023 17:15:53 - INFO - src.dataset.dataset -   Encoding sequences...
10/12/2023 17:15:53 - INFO - src.dataset.dataset -   Data loaded.
10/12/2023 17:15:53 - INFO - __main__ -   Test dataset loaded, length=200
10/12/2023 17:15:54 - INFO - src.train -   Start training...
10/12/2023 17:15:54 - INFO - src.train -   
10/12/2023 17:15:54 - INFO - src.train -   Epoch 1 of 20
10/12/2023 17:16:19 - INFO - src.train -   Training loss: 1.3695
10/12/2023 17:16:21 - INFO - src.train -   Validation results:
10/12/2023 17:16:21 - INFO - src.train -     precision: 0.5000.
10/12/2023 17:16:21 - INFO - src.train -     recall: 0.0166.
10/12/2023 17:16:21 - INFO - src.train -     f1: 0.0321.
10/12/2023 17:16:21 - INFO - src.train -   Model buffer is updated!
10/12/2023 17:16:21 - INFO - src.train -   
10/12/2023 17:16:21 - INFO - src.train -   Epoch 2 of 20
10/12/2023 17:16:45 - INFO - src.train -   Training loss: 0.3710
10/12/2023 17:16:47 - INFO - src.train -   Validation results:
10/12/2023 17:16:47 - INFO - src.train -     precision: 0.7643.
10/12/2023 17:16:47 - INFO - src.train -     recall: 0.7915.
10/12/2023 17:16:47 - INFO - src.train -     f1: 0.7776.
10/12/2023 17:16:47 - INFO - src.train -   Model buffer is updated!
10/12/2023 17:16:47 - INFO - src.train -   
10/12/2023 17:16:47 - INFO - src.train -   Epoch 3 of 20
10/12/2023 17:17:11 - INFO - src.train -   Training loss: 0.1189
10/12/2023 17:17:13 - INFO - src.train -   Validation results:
10/12/2023 17:17:13 - INFO - src.train -     precision: 0.8759.
10/12/2023 17:17:13 - INFO - src.train -     recall: 0.8863.
10/12/2023 17:17:13 - INFO - src.train -     f1: 0.8810.
10/12/2023 17:17:13 - INFO - src.train -   Model buffer is updated!
10/12/2023 17:17:13 - INFO - src.train -   
10/12/2023 17:17:13 - INFO - src.train -   Epoch 4 of 20
10/12/2023 17:17:37 - INFO - src.train -   Training loss: 0.0489
10/12/2023 17:17:39 - INFO - src.train -   Validation results:
10/12/2023 17:17:39 - INFO - src.train -     precision: 0.8847.
10/12/2023 17:17:39 - INFO - src.train -     recall: 0.8910.
10/12/2023 17:17:39 - INFO - src.train -     f1: 0.8878.
10/12/2023 17:17:39 - INFO - src.train -   Model buffer is updated!
10/12/2023 17:17:39 - INFO - src.train -   
10/12/2023 17:17:39 - INFO - src.train -   Epoch 5 of 20
10/12/2023 17:18:03 - INFO - src.train -   Training loss: 0.0333
10/12/2023 17:18:05 - INFO - src.train -   Validation results:
10/12/2023 17:18:05 - INFO - src.train -     precision: 0.8536.
10/12/2023 17:18:05 - INFO - src.train -     recall: 0.8981.
10/12/2023 17:18:05 - INFO - src.train -     f1: 0.8753.
10/12/2023 17:18:05 - INFO - src.train -   
10/12/2023 17:18:05 - INFO - src.train -   Epoch 6 of 20
10/12/2023 17:18:30 - INFO - src.train -   Training loss: 0.0181
10/12/2023 17:18:32 - INFO - src.train -   Validation results:
10/12/2023 17:18:32 - INFO - src.train -     precision: 0.8886.
10/12/2023 17:18:32 - INFO - src.train -     recall: 0.9076.
10/12/2023 17:18:32 - INFO - src.train -     f1: 0.8980.
10/12/2023 17:18:32 - INFO - src.train -   Model buffer is updated!
10/12/2023 17:18:32 - INFO - src.train -   
10/12/2023 17:18:32 - INFO - src.train -   Epoch 7 of 20
10/12/2023 17:18:57 - INFO - src.train -   Training loss: 0.0126
10/12/2023 17:18:59 - INFO - src.train -   Validation results:
10/12/2023 17:18:59 - INFO - src.train -     precision: 0.8934.
10/12/2023 17:18:59 - INFO - src.train -     recall: 0.8934.
10/12/2023 17:18:59 - INFO - src.train -     f1: 0.8934.
10/12/2023 17:18:59 - INFO - src.train -   
10/12/2023 17:18:59 - INFO - src.train -   Epoch 8 of 20
10/12/2023 17:19:23 - INFO - src.train -   Training loss: 0.0089
10/12/2023 17:19:25 - INFO - src.train -   Validation results:
10/12/2023 17:19:25 - INFO - src.train -     precision: 0.9145.
10/12/2023 17:19:25 - INFO - src.train -     recall: 0.9123.
10/12/2023 17:19:25 - INFO - src.train -     f1: 0.9134.
10/12/2023 17:19:25 - INFO - src.train -   Model buffer is updated!
10/12/2023 17:19:25 - INFO - src.train -   
10/12/2023 17:19:25 - INFO - src.train -   Epoch 9 of 20
10/12/2023 17:19:50 - INFO - src.train -   Training loss: 0.0078
10/12/2023 17:19:52 - INFO - src.train -   Validation results:
10/12/2023 17:19:52 - INFO - src.train -     precision: 0.9169.
10/12/2023 17:19:52 - INFO - src.train -     recall: 0.9147.
10/12/2023 17:19:52 - INFO - src.train -     f1: 0.9158.
10/12/2023 17:19:52 - INFO - src.train -   Model buffer is updated!
10/12/2023 17:19:52 - INFO - src.train -   
10/12/2023 17:19:52 - INFO - src.train -   Epoch 10 of 20
10/12/2023 17:20:16 - INFO - src.train -   Training loss: 0.0064
10/12/2023 17:20:18 - INFO - src.train -   Validation results:
10/12/2023 17:20:18 - INFO - src.train -     precision: 0.9012.
10/12/2023 17:20:18 - INFO - src.train -     recall: 0.9076.
10/12/2023 17:20:18 - INFO - src.train -     f1: 0.9044.
10/12/2023 17:20:18 - INFO - src.train -   
10/12/2023 17:20:18 - INFO - src.train -   Epoch 11 of 20
10/12/2023 17:20:42 - INFO - src.train -   Training loss: 0.0077
10/12/2023 17:20:44 - INFO - src.train -   Validation results:
10/12/2023 17:20:44 - INFO - src.train -     precision: 0.9033.
10/12/2023 17:20:44 - INFO - src.train -     recall: 0.9076.
10/12/2023 17:20:44 - INFO - src.train -     f1: 0.9054.
10/12/2023 17:20:44 - INFO - src.train -   
10/12/2023 17:20:44 - INFO - src.train -   Epoch 12 of 20
10/12/2023 17:21:08 - INFO - src.train -   Training loss: 0.0052
10/12/2023 17:21:10 - INFO - src.train -   Validation results:
10/12/2023 17:21:10 - INFO - src.train -     precision: 0.9057.
10/12/2023 17:21:10 - INFO - src.train -     recall: 0.9100.
10/12/2023 17:21:10 - INFO - src.train -     f1: 0.9078.
10/12/2023 17:21:10 - INFO - src.train -   
10/12/2023 17:21:10 - INFO - src.train -   Epoch 13 of 20
10/12/2023 17:21:35 - INFO - src.train -   Training loss: 0.0040
10/12/2023 17:21:37 - INFO - src.train -   Validation results:
10/12/2023 17:21:37 - INFO - src.train -     precision: 0.9012.
10/12/2023 17:21:37 - INFO - src.train -     recall: 0.9076.
10/12/2023 17:21:37 - INFO - src.train -     f1: 0.9044.
10/12/2023 17:21:37 - INFO - src.train -   
10/12/2023 17:21:37 - INFO - src.train -   Epoch 14 of 20
10/12/2023 17:22:01 - INFO - src.train -   Training loss: 0.0037
10/12/2023 17:22:03 - INFO - src.train -   Validation results:
10/12/2023 17:22:03 - INFO - src.train -     precision: 0.9012.
10/12/2023 17:22:03 - INFO - src.train -     recall: 0.9076.
10/12/2023 17:22:03 - INFO - src.train -     f1: 0.9044.
10/12/2023 17:22:03 - INFO - src.train -   
10/12/2023 17:22:03 - INFO - src.train -   Epoch 15 of 20
10/12/2023 17:22:28 - INFO - src.train -   Training loss: 0.0029
10/12/2023 17:22:30 - INFO - src.train -   Validation results:
10/12/2023 17:22:30 - INFO - src.train -     precision: 0.9035.
10/12/2023 17:22:30 - INFO - src.train -     recall: 0.9100.
10/12/2023 17:22:30 - INFO - src.train -     f1: 0.9067.
10/12/2023 17:22:30 - INFO - src.train -   
10/12/2023 17:22:30 - INFO - src.train -   Epoch 16 of 20
10/12/2023 17:22:54 - INFO - src.train -   Training loss: 0.0025
10/12/2023 17:22:56 - INFO - src.train -   Validation results:
10/12/2023 17:22:56 - INFO - src.train -     precision: 0.9080.
10/12/2023 17:22:56 - INFO - src.train -     recall: 0.9123.
10/12/2023 17:22:56 - INFO - src.train -     f1: 0.9102.
10/12/2023 17:22:56 - INFO - src.train -   
10/12/2023 17:22:56 - INFO - src.train -   Epoch 17 of 20
10/12/2023 17:23:20 - INFO - src.train -   Training loss: 0.0022
10/12/2023 17:23:22 - INFO - src.train -   Validation results:
10/12/2023 17:23:22 - INFO - src.train -     precision: 0.8993.
10/12/2023 17:23:22 - INFO - src.train -     recall: 0.9100.
10/12/2023 17:23:22 - INFO - src.train -     f1: 0.9046.
10/12/2023 17:23:22 - INFO - src.train -   
10/12/2023 17:23:22 - INFO - src.train -   Epoch 18 of 20
10/12/2023 17:23:46 - INFO - src.train -   Training loss: 0.0025
10/12/2023 17:23:47 - INFO - src.train -   Validation results:
10/12/2023 17:23:47 - INFO - src.train -     precision: 0.9059.
10/12/2023 17:23:47 - INFO - src.train -     recall: 0.9123.
10/12/2023 17:23:47 - INFO - src.train -     f1: 0.9091.
10/12/2023 17:23:47 - INFO - src.train -   
10/12/2023 17:23:47 - INFO - src.train -   Epoch 19 of 20
10/12/2023 17:24:11 - INFO - src.train -   Training loss: 0.0022
10/12/2023 17:24:13 - INFO - src.train -   Validation results:
10/12/2023 17:24:13 - INFO - src.train -     precision: 0.9040.
10/12/2023 17:24:13 - INFO - src.train -     recall: 0.9147.
10/12/2023 17:24:13 - INFO - src.train -     f1: 0.9093.
10/12/2023 17:24:13 - INFO - src.train -   
10/12/2023 17:24:13 - INFO - src.train -   Epoch 20 of 20
10/12/2023 17:24:37 - INFO - src.train -   Training loss: 0.0024
10/12/2023 17:24:39 - INFO - src.train -   Validation results:
10/12/2023 17:24:39 - INFO - src.train -     precision: 0.9040.
10/12/2023 17:24:39 - INFO - src.train -     recall: 0.9147.
10/12/2023 17:24:39 - INFO - src.train -     f1: 0.9093.
10/12/2023 17:24:41 - INFO - src.train -   
10/12/2023 17:24:41 - INFO - src.train -   Best validation result:
10/12/2023 17:24:41 - INFO - src.train -   [LOC]
10/12/2023 17:24:41 - INFO - src.train -     precision: 0.9559.
10/12/2023 17:24:41 - INFO - src.train -     recall: 0.9489.
10/12/2023 17:24:41 - INFO - src.train -     f1: 0.9524.
10/12/2023 17:24:41 - INFO - src.train -   [MISC]
10/12/2023 17:24:41 - INFO - src.train -     precision: 0.7429.
10/12/2023 17:24:41 - INFO - src.train -     recall: 0.8814.
10/12/2023 17:24:41 - INFO - src.train -     f1: 0.8062.
10/12/2023 17:24:41 - INFO - src.train -   [ORG]
10/12/2023 17:24:41 - INFO - src.train -     precision: 0.8929.
10/12/2023 17:24:41 - INFO - src.train -     recall: 0.8065.
10/12/2023 17:24:41 - INFO - src.train -     f1: 0.8475.
10/12/2023 17:24:41 - INFO - src.train -   [PER]
10/12/2023 17:24:41 - INFO - src.train -     precision: 0.9847.
10/12/2023 17:24:41 - INFO - src.train -     recall: 0.9699.
10/12/2023 17:24:41 - INFO - src.train -     f1: 0.9773.
10/12/2023 17:24:41 - INFO - src.train -   [micro avg]
10/12/2023 17:24:41 - INFO - src.train -     precision: 0.9169.
10/12/2023 17:24:41 - INFO - src.train -     recall: 0.9147.
10/12/2023 17:24:41 - INFO - src.train -     f1: 0.9158.
10/12/2023 17:24:41 - INFO - src.train -   [macro avg]
10/12/2023 17:24:41 - INFO - src.train -     precision: 0.8941.
10/12/2023 17:24:41 - INFO - src.train -     recall: 0.9017.
10/12/2023 17:24:41 - INFO - src.train -     f1: 0.8958.
10/12/2023 17:24:41 - INFO - src.train -   [weighted avg]
10/12/2023 17:24:41 - INFO - src.train -     precision: 0.9213.
10/12/2023 17:24:41 - INFO - src.train -     recall: 0.9147.
10/12/2023 17:24:41 - INFO - src.train -     f1: 0.9167.
10/12/2023 17:24:42 - INFO - src.train -   
10/12/2023 17:24:42 - INFO - src.train -   Test results:
10/12/2023 17:24:42 - INFO - src.train -   [LOC]
10/12/2023 17:24:42 - INFO - src.train -     precision: 0.8824.
10/12/2023 17:24:42 - INFO - src.train -     recall: 0.9130.
10/12/2023 17:24:42 - INFO - src.train -     f1: 0.8974.
10/12/2023 17:24:42 - INFO - src.train -   [MISC]
10/12/2023 17:24:42 - INFO - src.train -     precision: 0.7925.
10/12/2023 17:24:42 - INFO - src.train -     recall: 0.8077.
10/12/2023 17:24:42 - INFO - src.train -     f1: 0.8000.
10/12/2023 17:24:42 - INFO - src.train -   [ORG]
10/12/2023 17:24:42 - INFO - src.train -     precision: 0.8144.
10/12/2023 17:24:42 - INFO - src.train -     recall: 0.7980.
10/12/2023 17:24:42 - INFO - src.train -     f1: 0.8061.
10/12/2023 17:24:42 - INFO - src.train -   [PER]
10/12/2023 17:24:42 - INFO - src.train -     precision: 0.9392.
10/12/2023 17:24:42 - INFO - src.train -     recall: 0.9329.
10/12/2023 17:24:42 - INFO - src.train -     f1: 0.9360.
10/12/2023 17:24:42 - INFO - src.train -   [micro avg]
10/12/2023 17:24:42 - INFO - src.train -     precision: 0.8753.
10/12/2023 17:24:42 - INFO - src.train -     recall: 0.8795.
10/12/2023 17:24:42 - INFO - src.train -     f1: 0.8774.
10/12/2023 17:24:42 - INFO - src.train -   [macro avg]
10/12/2023 17:24:42 - INFO - src.train -     precision: 0.8571.
10/12/2023 17:24:42 - INFO - src.train -     recall: 0.8629.
10/12/2023 17:24:42 - INFO - src.train -     f1: 0.8599.
10/12/2023 17:24:42 - INFO - src.train -   [weighted avg]
10/12/2023 17:24:42 - INFO - src.train -     precision: 0.8753.
10/12/2023 17:24:42 - INFO - src.train -     recall: 0.8795.
10/12/2023 17:24:42 - INFO - src.train -     f1: 0.8773.
